[17-Dec-2023 19:23:36 UTC] Sync process for Gutenberg Blocks has started.
[17-Dec-2023 19:23:36 UTC] CATEGORY:Importing categories..
[17-Dec-2023 19:23:37 UTC] CATEGORY:Storing in option ast-block-templates-categories
[17-Dec-2023 19:23:37 UTC] CATEGORY:Completed category import.
[17-Dec-2023 19:23:37 UTC] BLOCK: Getting Total Blocks
[17-Dec-2023 19:23:37 UTC] BLOCK: https://websitedemos.net/wp-json/astra-blocks/v1/get-blocks-count/?page_builder=gutenberg&wireframe=yes
[17-Dec-2023 19:23:37 UTC] BLOCK: Requests count 4
[17-Dec-2023 19:23:37 UTC] BLOCK: Importing request 1 ..
[17-Dec-2023 19:23:37 UTC] BLOCK: https://websitedemos.net/wp-json/astra-blocks/v1/blocks/?page_builder=gutenberg&per_page=100&page=1&wireframe=yes
[17-Dec-2023 19:23:37 UTC] BLOCK: Storing in option ast-block-templates-blocks-1
[17-Dec-2023 19:23:37 UTC] BLOCK: Completed request 1
[17-Dec-2023 19:23:37 UTC] BLOCK: Importing request 2 ..
[17-Dec-2023 19:23:37 UTC] BLOCK: https://websitedemos.net/wp-json/astra-blocks/v1/blocks/?page_builder=gutenberg&per_page=100&page=2&wireframe=yes
[17-Dec-2023 19:23:38 UTC] BLOCK: Storing in option ast-block-templates-blocks-2
[17-Dec-2023 19:23:38 UTC] BLOCK: Completed request 2
[17-Dec-2023 19:23:38 UTC] BLOCK: Importing request 3 ..
[17-Dec-2023 19:23:38 UTC] BLOCK: https://websitedemos.net/wp-json/astra-blocks/v1/blocks/?page_builder=gutenberg&per_page=100&page=3&wireframe=yes
[17-Dec-2023 19:23:38 UTC] BLOCK: Storing in option ast-block-templates-blocks-3
[17-Dec-2023 19:23:38 UTC] BLOCK: Completed request 3
[17-Dec-2023 19:23:38 UTC] BLOCK: Importing request 4 ..
[17-Dec-2023 19:23:38 UTC] BLOCK: https://websitedemos.net/wp-json/astra-blocks/v1/blocks/?page_builder=gutenberg&per_page=100&page=4&wireframe=yes
[17-Dec-2023 19:23:39 UTC] BLOCK: Storing in option ast-block-templates-blocks-4
[17-Dec-2023 19:23:39 UTC] BLOCK: Completed request 4
[17-Dec-2023 19:23:39 UTC] SITE: Getting Total Sites
[17-Dec-2023 19:23:39 UTC] SITE: https://websitedemos.net/wp-json/astra-sites/v1/get-total-pages/?page_builder=gutenberg
[17-Dec-2023 19:23:39 UTC] SITE: Request count 2
[17-Dec-2023 19:23:39 UTC] SITE: Importing request 1 ..
[17-Dec-2023 19:23:39 UTC] SITE: https://websitedemos.net/wp-json/astra-sites/v1/sites-and-pages/?per_page=100&page=1&page-builder=gutenberg
[17-Dec-2023 19:23:40 UTC] SITE: Storing in option ast-block-templates-sites-1
[17-Dec-2023 19:23:40 UTC] SITE: Completed request 1
[17-Dec-2023 19:23:40 UTC] SITE: Importing request 2 ..
[17-Dec-2023 19:23:40 UTC] SITE: https://websitedemos.net/wp-json/astra-sites/v1/sites-and-pages/?per_page=100&page=2&page-builder=gutenberg
[17-Dec-2023 19:23:40 UTC] SITE: Storing in option ast-block-templates-sites-2
[17-Dec-2023 19:23:40 UTC] SITE: Completed request 2
[17-Dec-2023 19:23:40 UTC] Sync process for Gutenberg Blocks is done.
[17-Dec-2023 19:36:16 UTC] PHP Warning:  file_get_contents(C:\Users\maxim\Local Sites\trott-noye\app\public/wp-content/plugins/ocean-extra/ocean-extra.php): Failed to open stream: No such file or directory in C:\Users\maxim\Local Sites\trott-noye\app\public\wp-includes\functions.php on line 6805
[17-Dec-2023 19:37:19 UTC] PHP Warning:  file_get_contents(C:\Users\maxim\Local Sites\trott-noye\app\public/wp-content/plugins/ocean-extra/ocean-extra.php): Failed to open stream: No such file or directory in C:\Users\maxim\Local Sites\trott-noye\app\public\wp-includes\functions.php on line 6805
[17-Dec-2023 20:01:48 UTC] PHP Warning:  file_get_contents(C:\Users\maxim\Local Sites\trott-noye\app\public/wp-content/plugins/ocean-extra/ocean-extra.php): Failed to open stream: No such file or directory in C:\Users\maxim\Local Sites\trott-noye\app\public\wp-includes\functions.php on line 6805
[17-Dec-2023 20:02:04 UTC] PHP Warning:  file_get_contents(C:\Users\maxim\Local Sites\trott-noye\app\public/wp-content/plugins/ocean-extra/ocean-extra.php): Failed to open stream: No such file or directory in C:\Users\maxim\Local Sites\trott-noye\app\public\wp-includes\functions.php on line 6805
[18-Dec-2023 09:09:12 UTC] PHP Warning:  file_get_contents(C:\Users\maxim\Local Sites\trott-noye\app\public/wp-content/plugins/ocean-extra/ocean-extra.php): Failed to open stream: No such file or directory in C:\Users\maxim\Local Sites\trott-noye\app\public\wp-includes\functions.php on line 6805
[18-Dec-2023 09:13:48 UTC] PHP Warning:  file_get_contents(C:\Users\maxim\Local Sites\trott-noye\app\public/wp-content/plugins/ocean-extra/ocean-extra.php): Failed to open stream: No such file or directory in C:\Users\maxim\Local Sites\trott-noye\app\public\wp-includes\functions.php on line 6805
[19-Dec-2023 06:42:54 UTC] Sync process for Gutenberg Blocks has started.
[19-Dec-2023 06:42:54 UTC] CATEGORY:Importing categories..
[19-Dec-2023 06:42:54 UTC] CATEGORY:Storing in option ast-block-templates-categories
[19-Dec-2023 06:42:54 UTC] CATEGORY:Completed category import.
[19-Dec-2023 06:42:54 UTC] BLOCK: Getting Total Blocks
[19-Dec-2023 06:42:54 UTC] BLOCK: https://websitedemos.net/wp-json/astra-blocks/v1/get-blocks-count/?page_builder=gutenberg&wireframe=yes
[19-Dec-2023 06:42:54 UTC] BLOCK: Requests count 4
[19-Dec-2023 06:42:54 UTC] BLOCK: Importing request 1 ..
[19-Dec-2023 06:42:54 UTC] BLOCK: https://websitedemos.net/wp-json/astra-blocks/v1/blocks/?page_builder=gutenberg&per_page=100&page=1&wireframe=yes
[19-Dec-2023 06:42:55 UTC] BLOCK: Storing in option ast-block-templates-blocks-1
[19-Dec-2023 06:42:55 UTC] BLOCK: Completed request 1
[19-Dec-2023 06:42:55 UTC] BLOCK: Importing request 2 ..
[19-Dec-2023 06:42:55 UTC] BLOCK: https://websitedemos.net/wp-json/astra-blocks/v1/blocks/?page_builder=gutenberg&per_page=100&page=2&wireframe=yes
[19-Dec-2023 06:42:55 UTC] BLOCK: Storing in option ast-block-templates-blocks-2
[19-Dec-2023 06:42:55 UTC] BLOCK: Completed request 2
[19-Dec-2023 06:42:55 UTC] BLOCK: Importing request 3 ..
[19-Dec-2023 06:42:55 UTC] BLOCK: https://websitedemos.net/wp-json/astra-blocks/v1/blocks/?page_builder=gutenberg&per_page=100&page=3&wireframe=yes
[19-Dec-2023 06:42:55 UTC] BLOCK: Storing in option ast-block-templates-blocks-3
[19-Dec-2023 06:42:55 UTC] BLOCK: Completed request 3
[19-Dec-2023 06:42:55 UTC] BLOCK: Importing request 4 ..
[19-Dec-2023 06:42:55 UTC] BLOCK: https://websitedemos.net/wp-json/astra-blocks/v1/blocks/?page_builder=gutenberg&per_page=100&page=4&wireframe=yes
[19-Dec-2023 06:42:55 UTC] BLOCK: Storing in option ast-block-templates-blocks-4
[19-Dec-2023 06:42:55 UTC] BLOCK: Completed request 4
[19-Dec-2023 06:42:55 UTC] SITE: Getting Total Sites
[19-Dec-2023 06:42:55 UTC] SITE: https://websitedemos.net/wp-json/astra-sites/v1/get-total-pages/?page_builder=gutenberg
[19-Dec-2023 06:42:55 UTC] SITE: Request count 2
[19-Dec-2023 06:42:55 UTC] SITE: Importing request 1 ..
[19-Dec-2023 06:42:55 UTC] SITE: https://websitedemos.net/wp-json/astra-sites/v1/sites-and-pages/?per_page=100&page=1&page-builder=gutenberg
[19-Dec-2023 06:42:55 UTC] SITE: Storing in option ast-block-templates-sites-1
[19-Dec-2023 06:42:55 UTC] SITE: Completed request 1
[19-Dec-2023 06:42:55 UTC] SITE: Importing request 2 ..
[19-Dec-2023 06:42:55 UTC] SITE: https://websitedemos.net/wp-json/astra-sites/v1/sites-and-pages/?per_page=100&page=2&page-builder=gutenberg
[19-Dec-2023 06:42:56 UTC] SITE: Storing in option ast-block-templates-sites-2
[19-Dec-2023 06:42:56 UTC] SITE: Completed request 2
[19-Dec-2023 06:42:56 UTC] Sync process for Gutenberg Blocks is done.
[21-Dec-2023 11:40:25 UTC] Sync process for Gutenberg Blocks has started.
[21-Dec-2023 11:40:25 UTC] CATEGORY:Importing categories..
[21-Dec-2023 11:40:25 UTC] CATEGORY:Storing in option ast-block-templates-categories
[21-Dec-2023 11:40:25 UTC] CATEGORY:Completed category import.
[21-Dec-2023 11:40:25 UTC] BLOCK: Getting Total Blocks
[21-Dec-2023 11:40:25 UTC] BLOCK: https://websitedemos.net/wp-json/astra-blocks/v1/get-blocks-count/?page_builder=gutenberg&wireframe=yes
[21-Dec-2023 11:40:25 UTC] BLOCK: Requests count 4
[21-Dec-2023 11:40:25 UTC] BLOCK: Importing request 1 ..
[21-Dec-2023 11:40:25 UTC] BLOCK: https://websitedemos.net/wp-json/astra-blocks/v1/blocks/?page_builder=gutenberg&per_page=100&page=1&wireframe=yes
[21-Dec-2023 11:40:25 UTC] BLOCK: Storing in option ast-block-templates-blocks-1
[21-Dec-2023 11:40:25 UTC] BLOCK: Completed request 1
[21-Dec-2023 11:40:25 UTC] BLOCK: Importing request 2 ..
[21-Dec-2023 11:40:25 UTC] BLOCK: https://websitedemos.net/wp-json/astra-blocks/v1/blocks/?page_builder=gutenberg&per_page=100&page=2&wireframe=yes
[21-Dec-2023 11:40:26 UTC] BLOCK: Storing in option ast-block-templates-blocks-2
[21-Dec-2023 11:40:26 UTC] BLOCK: Completed request 2
[21-Dec-2023 11:40:26 UTC] BLOCK: Importing request 3 ..
[21-Dec-2023 11:40:26 UTC] BLOCK: https://websitedemos.net/wp-json/astra-blocks/v1/blocks/?page_builder=gutenberg&per_page=100&page=3&wireframe=yes
[21-Dec-2023 11:40:26 UTC] BLOCK: Storing in option ast-block-templates-blocks-3
[21-Dec-2023 11:40:26 UTC] BLOCK: Completed request 3
[21-Dec-2023 11:40:26 UTC] BLOCK: Importing request 4 ..
[21-Dec-2023 11:40:26 UTC] BLOCK: https://websitedemos.net/wp-json/astra-blocks/v1/blocks/?page_builder=gutenberg&per_page=100&page=4&wireframe=yes
[21-Dec-2023 11:40:26 UTC] BLOCK: Storing in option ast-block-templates-blocks-4
[21-Dec-2023 11:40:26 UTC] BLOCK: Completed request 4
[21-Dec-2023 11:40:26 UTC] SITE: Getting Total Sites
[21-Dec-2023 11:40:26 UTC] SITE: https://websitedemos.net/wp-json/astra-sites/v1/get-total-pages/?page_builder=gutenberg
[21-Dec-2023 11:40:26 UTC] SITE: Request count 2
[21-Dec-2023 11:40:26 UTC] SITE: Importing request 1 ..
[21-Dec-2023 11:40:26 UTC] SITE: https://websitedemos.net/wp-json/astra-sites/v1/sites-and-pages/?per_page=100&page=1&page-builder=gutenberg
[21-Dec-2023 11:40:26 UTC] SITE: Storing in option ast-block-templates-sites-1
[21-Dec-2023 11:40:26 UTC] SITE: Completed request 1
[21-Dec-2023 11:40:26 UTC] SITE: Importing request 2 ..
[21-Dec-2023 11:40:26 UTC] SITE: https://websitedemos.net/wp-json/astra-sites/v1/sites-and-pages/?per_page=100&page=2&page-builder=gutenberg
[21-Dec-2023 11:40:27 UTC] SITE: Storing in option ast-block-templates-sites-2
[21-Dec-2023 11:40:27 UTC] SITE: Completed request 2
[21-Dec-2023 11:40:27 UTC] Sync process for Gutenberg Blocks is done.
[21-Dec-2023 13:48:57 UTC] PHP Warning:  file_get_contents(C:\Users\maxim\Local Sites\trott-noye\app\public/wp-content/plugins/ocean-extra/ocean-extra.php): Failed to open stream: No such file or directory in C:\Users\maxim\Local Sites\trott-noye\app\public\wp-includes\functions.php on line 6805
[21-Dec-2023 14:55:15 UTC] PHP Warning:  file_get_contents(C:\Users\maxim\Local Sites\trott-noye\app\public/wp-content/plugins/ocean-extra/ocean-extra.php): Failed to open stream: No such file or directory in C:\Users\maxim\Local Sites\trott-noye\app\public\wp-includes\functions.php on line 6805
[21-Dec-2023 16:37:57 UTC] PHP Warning:  Undefined array key "width" in C:\Users\maxim\Local Sites\trott-noye\app\public\wp-admin\includes\image.php on line 110
[21-Dec-2023 16:37:57 UTC] PHP Warning:  Undefined array key "height" in C:\Users\maxim\Local Sites\trott-noye\app\public\wp-admin\includes\image.php on line 111
[21-Dec-2023 19:41:51 UTC] PHP Warning:  Undefined array key "width" in C:\Users\maxim\Local Sites\trott-noye\app\public\wp-admin\includes\image.php on line 110
[21-Dec-2023 19:41:51 UTC] PHP Warning:  Undefined array key "height" in C:\Users\maxim\Local Sites\trott-noye\app\public\wp-admin\includes\image.php on line 111
[22-Dec-2023 12:39:30 UTC] Sync process for Gutenberg Blocks has started.
[22-Dec-2023 12:39:30 UTC] CATEGORY:Importing categories..
[22-Dec-2023 12:39:31 UTC] CATEGORY:Storing in option ast-block-templates-categories
[22-Dec-2023 12:39:31 UTC] CATEGORY:Completed category import.
[22-Dec-2023 12:39:31 UTC] BLOCK: Getting Total Blocks
[22-Dec-2023 12:39:31 UTC] BLOCK: https://websitedemos.net/wp-json/astra-blocks/v1/get-blocks-count/?page_builder=gutenberg&wireframe=yes
[22-Dec-2023 12:39:31 UTC] BLOCK: Requests count 4
[22-Dec-2023 12:39:31 UTC] BLOCK: Importing request 1 ..
[22-Dec-2023 12:39:31 UTC] BLOCK: https://websitedemos.net/wp-json/astra-blocks/v1/blocks/?page_builder=gutenberg&per_page=100&page=1&wireframe=yes
[22-Dec-2023 12:39:31 UTC] BLOCK: Storing in option ast-block-templates-blocks-1
[22-Dec-2023 12:39:31 UTC] BLOCK: Completed request 1
[22-Dec-2023 12:39:31 UTC] BLOCK: Importing request 2 ..
[22-Dec-2023 12:39:31 UTC] BLOCK: https://websitedemos.net/wp-json/astra-blocks/v1/blocks/?page_builder=gutenberg&per_page=100&page=2&wireframe=yes
[22-Dec-2023 12:39:31 UTC] BLOCK: Storing in option ast-block-templates-blocks-2
[22-Dec-2023 12:39:31 UTC] BLOCK: Completed request 2
[22-Dec-2023 12:39:31 UTC] BLOCK: Importing request 3 ..
[22-Dec-2023 12:39:31 UTC] BLOCK: https://websitedemos.net/wp-json/astra-blocks/v1/blocks/?page_builder=gutenberg&per_page=100&page=3&wireframe=yes
[22-Dec-2023 12:39:31 UTC] BLOCK: Storing in option ast-block-templates-blocks-3
[22-Dec-2023 12:39:31 UTC] BLOCK: Completed request 3
[22-Dec-2023 12:39:31 UTC] BLOCK: Importing request 4 ..
[22-Dec-2023 12:39:31 UTC] BLOCK: https://websitedemos.net/wp-json/astra-blocks/v1/blocks/?page_builder=gutenberg&per_page=100&page=4&wireframe=yes
[22-Dec-2023 12:39:31 UTC] BLOCK: Storing in option ast-block-templates-blocks-4
[22-Dec-2023 12:39:31 UTC] BLOCK: Completed request 4
[22-Dec-2023 12:39:31 UTC] SITE: Getting Total Sites
[22-Dec-2023 12:39:31 UTC] SITE: https://websitedemos.net/wp-json/astra-sites/v1/get-total-pages/?page_builder=gutenberg
[22-Dec-2023 12:39:31 UTC] SITE: Request count 2
[22-Dec-2023 12:39:31 UTC] SITE: Importing request 1 ..
[22-Dec-2023 12:39:31 UTC] SITE: https://websitedemos.net/wp-json/astra-sites/v1/sites-and-pages/?per_page=100&page=1&page-builder=gutenberg
[22-Dec-2023 12:39:32 UTC] SITE: Storing in option ast-block-templates-sites-1
[22-Dec-2023 12:39:32 UTC] SITE: Completed request 1
[22-Dec-2023 12:39:32 UTC] SITE: Importing request 2 ..
[22-Dec-2023 12:39:32 UTC] SITE: https://websitedemos.net/wp-json/astra-sites/v1/sites-and-pages/?per_page=100&page=2&page-builder=gutenberg
[22-Dec-2023 12:39:32 UTC] SITE: Storing in option ast-block-templates-sites-2
[22-Dec-2023 12:39:32 UTC] SITE: Completed request 2
[22-Dec-2023 12:39:32 UTC] Sync process for Gutenberg Blocks is done.
[26-Dec-2023 13:53:23 UTC] PHP Warning:  copy(C:/Users/maxim/Local Sites/trott-noye/static/accueil/index.html): Failed to open stream: No such file or directory in C:\Users\maxim\Local Sites\trott-noye\app\public\wp-content\plugins\simply-static\src\tasks\class-ss-transfer-files-locally-task.php on line 91
[26-Dec-2023 13:53:23 UTC] PHP Warning:  copy(C:/Users/maxim/Local Sites/trott-noye/static/wp-json/wp/v2/pages/5/index.html): Failed to open stream: No such file or directory in C:\Users\maxim\Local Sites\trott-noye\app\public\wp-content\plugins\simply-static\src\tasks\class-ss-transfer-files-locally-task.php on line 91
[26-Dec-2023 13:53:23 UTC] PHP Warning:  copy(C:/Users/maxim/Local Sites/trott-noye/static/nos-parcours/accueil/index.html): Failed to open stream: No such file or directory in C:\Users\maxim\Local Sites\trott-noye\app\public\wp-content\plugins\simply-static\src\tasks\class-ss-transfer-files-locally-task.php on line 91
[26-Dec-2023 13:53:23 UTC] PHP Warning:  copy(C:/Users/maxim/Local Sites/trott-noye/static/wp-json/wp/v2/pages/11/index.html): Failed to open stream: No such file or directory in C:\Users\maxim\Local Sites\trott-noye\app\public\wp-content\plugins\simply-static\src\tasks\class-ss-transfer-files-locally-task.php on line 91
[26-Dec-2023 13:53:23 UTC] PHP Warning:  copy(C:/Users/maxim/Local Sites/trott-noye/static/la-chambre-a-la-noye/accueil/index.html): Failed to open stream: No such file or directory in C:\Users\maxim\Local Sites\trott-noye\app\public\wp-content\plugins\simply-static\src\tasks\class-ss-transfer-files-locally-task.php on line 91
[26-Dec-2023 13:53:23 UTC] PHP Warning:  copy(C:/Users/maxim/Local Sites/trott-noye/static/contact/accueil/index.html): Failed to open stream: No such file or directory in C:\Users\maxim\Local Sites\trott-noye\app\public\wp-content\plugins\simply-static\src\tasks\class-ss-transfer-files-locally-task.php on line 91
[26-Dec-2023 13:53:23 UTC] PHP Warning:  copy(C:/Users/maxim/Local Sites/trott-noye/static/wp-json/wp/v2/pages/21/index.html): Failed to open stream: No such file or directory in C:\Users\maxim\Local Sites\trott-noye\app\public\wp-content\plugins\simply-static\src\tasks\class-ss-transfer-files-locally-task.php on line 91
[26-Dec-2023 13:53:24 UTC] PHP Warning:  copy(C:/Users/maxim/Local Sites/trott-noye/static/wp-json/wp/v2/pages/130/index.html): Failed to open stream: No such file or directory in C:\Users\maxim\Local Sites\trott-noye\app\public\wp-content\plugins\simply-static\src\tasks\class-ss-transfer-files-locally-task.php on line 91
[27-Dec-2023 18:26:31 UTC] Sync process for Gutenberg Blocks has started.
[27-Dec-2023 18:26:31 UTC] CATEGORY: Storing in option ast-block-templates-categories
[27-Dec-2023 18:26:31 UTC] BLOCK: Requests count 8
[27-Dec-2023 18:26:31 UTC] BLOCK: Importing request 1 ..
[27-Dec-2023 18:26:31 UTC] BLOCK: https://websitedemos.net/wp-json/astra-blocks/v2/blocks/?page_builder=gutenberg&per_page=30&page=1&wireframe=yes
[27-Dec-2023 18:26:31 UTC] BLOCK: Storing in option ast-block-templates-blocks-1
[27-Dec-2023 18:26:31 UTC] BLOCK: Completed request 1
[27-Dec-2023 18:26:31 UTC] BLOCK: Importing request 2 ..
[27-Dec-2023 18:26:31 UTC] BLOCK: https://websitedemos.net/wp-json/astra-blocks/v2/blocks/?page_builder=gutenberg&per_page=30&page=2&wireframe=yes
[27-Dec-2023 18:26:32 UTC] BLOCK: Storing in option ast-block-templates-blocks-2
[27-Dec-2023 18:26:32 UTC] BLOCK: Completed request 2
[27-Dec-2023 18:26:32 UTC] BLOCK: Importing request 3 ..
[27-Dec-2023 18:26:32 UTC] BLOCK: https://websitedemos.net/wp-json/astra-blocks/v2/blocks/?page_builder=gutenberg&per_page=30&page=3&wireframe=yes
[27-Dec-2023 18:26:32 UTC] BLOCK: Storing in option ast-block-templates-blocks-3
[27-Dec-2023 18:26:33 UTC] BLOCK: Completed request 3
[27-Dec-2023 18:26:33 UTC] BLOCK: Importing request 4 ..
[27-Dec-2023 18:26:33 UTC] BLOCK: https://websitedemos.net/wp-json/astra-blocks/v2/blocks/?page_builder=gutenberg&per_page=30&page=4&wireframe=yes
[27-Dec-2023 18:26:33 UTC] BLOCK: Storing in option ast-block-templates-blocks-4
[27-Dec-2023 18:26:33 UTC] BLOCK: Completed request 4
[27-Dec-2023 18:26:33 UTC] BLOCK: Importing request 5 ..
[27-Dec-2023 18:26:33 UTC] BLOCK: https://websitedemos.net/wp-json/astra-blocks/v2/blocks/?page_builder=gutenberg&per_page=30&page=5&wireframe=yes
[27-Dec-2023 18:26:33 UTC] BLOCK: Storing in option ast-block-templates-blocks-5
[27-Dec-2023 18:26:34 UTC] BLOCK: Completed request 5
[27-Dec-2023 18:26:34 UTC] BLOCK: Importing request 6 ..
[27-Dec-2023 18:26:34 UTC] BLOCK: https://websitedemos.net/wp-json/astra-blocks/v2/blocks/?page_builder=gutenberg&per_page=30&page=6&wireframe=yes
[27-Dec-2023 18:26:34 UTC] BLOCK: Storing in option ast-block-templates-blocks-6
[27-Dec-2023 18:26:34 UTC] BLOCK: Completed request 6
[27-Dec-2023 18:26:34 UTC] BLOCK: Importing request 7 ..
[27-Dec-2023 18:26:34 UTC] BLOCK: https://websitedemos.net/wp-json/astra-blocks/v2/blocks/?page_builder=gutenberg&per_page=30&page=7&wireframe=yes
[27-Dec-2023 18:26:34 UTC] BLOCK: Storing in option ast-block-templates-blocks-7
[27-Dec-2023 18:26:35 UTC] BLOCK: Completed request 7
[27-Dec-2023 18:26:35 UTC] BLOCK: Importing request 8 ..
[27-Dec-2023 18:26:35 UTC] BLOCK: https://websitedemos.net/wp-json/astra-blocks/v2/blocks/?page_builder=gutenberg&per_page=30&page=8&wireframe=yes
[27-Dec-2023 18:26:35 UTC] BLOCK: Storing in option ast-block-templates-blocks-8
[27-Dec-2023 18:26:35 UTC] BLOCK: Completed request 8
[27-Dec-2023 18:26:35 UTC] SITE: Getting Total Sites
[27-Dec-2023 18:26:35 UTC] SITE: https://websitedemos.net/wp-json/astra-sites/v1/get-total-pages/?page_builder=gutenberg&per_page=30
[27-Dec-2023 18:26:35 UTC] SITE: Request count 7
[27-Dec-2023 18:26:35 UTC] SITE: Importing request 1 ..
[27-Dec-2023 18:26:35 UTC] SITE: https://websitedemos.net/wp-json/astra-sites/v1/sites-and-pages/?per_page=30&page=1&page-builder=gutenberg
[27-Dec-2023 18:26:35 UTC] SITE: Storing in option ast-block-templates-sites-1
[27-Dec-2023 18:26:36 UTC] SITE: Completed request 1
[27-Dec-2023 18:26:36 UTC] SITE: Importing request 2 ..
[27-Dec-2023 18:26:36 UTC] SITE: https://websitedemos.net/wp-json/astra-sites/v1/sites-and-pages/?per_page=30&page=2&page-builder=gutenberg
[27-Dec-2023 18:26:36 UTC] SITE: Storing in option ast-block-templates-sites-2
[27-Dec-2023 18:26:36 UTC] SITE: Completed request 2
[27-Dec-2023 18:26:36 UTC] SITE: Importing request 3 ..
[27-Dec-2023 18:26:36 UTC] SITE: https://websitedemos.net/wp-json/astra-sites/v1/sites-and-pages/?per_page=30&page=3&page-builder=gutenberg
[27-Dec-2023 18:26:36 UTC] SITE: Storing in option ast-block-templates-sites-3
[27-Dec-2023 18:26:36 UTC] SITE: Completed request 3
[27-Dec-2023 18:26:36 UTC] SITE: Importing request 4 ..
[27-Dec-2023 18:26:36 UTC] SITE: https://websitedemos.net/wp-json/astra-sites/v1/sites-and-pages/?per_page=30&page=4&page-builder=gutenberg
[27-Dec-2023 18:26:36 UTC] SITE: Storing in option ast-block-templates-sites-4
[27-Dec-2023 18:26:36 UTC] SITE: Completed request 4
[27-Dec-2023 18:26:36 UTC] SITE: Importing request 5 ..
[27-Dec-2023 18:26:36 UTC] SITE: https://websitedemos.net/wp-json/astra-sites/v1/sites-and-pages/?per_page=30&page=5&page-builder=gutenberg
[27-Dec-2023 18:26:37 UTC] SITE: Storing in option ast-block-templates-sites-5
[27-Dec-2023 18:26:37 UTC] SITE: Completed request 5
[27-Dec-2023 18:26:37 UTC] SITE: Importing request 6 ..
[27-Dec-2023 18:26:37 UTC] SITE: https://websitedemos.net/wp-json/astra-sites/v1/sites-and-pages/?per_page=30&page=6&page-builder=gutenberg
[27-Dec-2023 18:26:37 UTC] SITE: Storing in option ast-block-templates-sites-6
[27-Dec-2023 18:26:37 UTC] SITE: Completed request 6
[27-Dec-2023 18:26:37 UTC] SITE: Importing request 7 ..
[27-Dec-2023 18:26:37 UTC] SITE: https://websitedemos.net/wp-json/astra-sites/v1/sites-and-pages/?per_page=30&page=7&page-builder=gutenberg
[27-Dec-2023 18:26:37 UTC] SITE: Storing in option ast-block-templates-sites-7
[27-Dec-2023 18:26:37 UTC] SITE: Completed request 7
[27-Dec-2023 18:26:37 UTC] Sync process for Gutenberg Blocks is done.
[27-Dec-2023 18:26:37 UTC] BLOCK: Getting Server Custimizer CSS
[27-Dec-2023 18:26:37 UTC] BLOCK: https://websitedemos.net/wp-json/astra-blocks/v2/get-customizer-css
[03-Jan-2024 13:48:50 UTC] Sync process for Gutenberg Blocks has started.
[03-Jan-2024 13:48:50 UTC] CATEGORY: Storing in option ast-block-templates-categories
[03-Jan-2024 13:48:50 UTC] BLOCK: Requests count 8
[03-Jan-2024 13:48:50 UTC] BLOCK: Importing request 1 ..
[03-Jan-2024 13:48:50 UTC] BLOCK: https://websitedemos.net/wp-json/astra-blocks/v2/blocks/?page_builder=gutenberg&per_page=30&page=1&wireframe=yes
[03-Jan-2024 13:48:50 UTC] BLOCK: Storing in option ast-block-templates-blocks-1
[03-Jan-2024 13:48:50 UTC] BLOCK: Completed request 1
[03-Jan-2024 13:48:50 UTC] BLOCK: Importing request 2 ..
[03-Jan-2024 13:48:50 UTC] BLOCK: https://websitedemos.net/wp-json/astra-blocks/v2/blocks/?page_builder=gutenberg&per_page=30&page=2&wireframe=yes
[03-Jan-2024 13:48:50 UTC] BLOCK: Storing in option ast-block-templates-blocks-2
[03-Jan-2024 13:48:51 UTC] BLOCK: Completed request 2
[03-Jan-2024 13:48:51 UTC] BLOCK: Importing request 3 ..
[03-Jan-2024 13:48:51 UTC] BLOCK: https://websitedemos.net/wp-json/astra-blocks/v2/blocks/?page_builder=gutenberg&per_page=30&page=3&wireframe=yes
[03-Jan-2024 13:48:51 UTC] BLOCK: Storing in option ast-block-templates-blocks-3
[03-Jan-2024 13:48:51 UTC] BLOCK: Completed request 3
[03-Jan-2024 13:48:51 UTC] BLOCK: Importing request 4 ..
[03-Jan-2024 13:48:51 UTC] BLOCK: https://websitedemos.net/wp-json/astra-blocks/v2/blocks/?page_builder=gutenberg&per_page=30&page=4&wireframe=yes
[03-Jan-2024 13:48:52 UTC] BLOCK: Storing in option ast-block-templates-blocks-4
[03-Jan-2024 13:48:52 UTC] BLOCK: Completed request 4
[03-Jan-2024 13:48:52 UTC] BLOCK: Importing request 5 ..
[03-Jan-2024 13:48:52 UTC] BLOCK: https://websitedemos.net/wp-json/astra-blocks/v2/blocks/?page_builder=gutenberg&per_page=30&page=5&wireframe=yes
[03-Jan-2024 13:48:52 UTC] BLOCK: Storing in option ast-block-templates-blocks-5
[03-Jan-2024 13:48:52 UTC] BLOCK: Completed request 5
[03-Jan-2024 13:48:52 UTC] BLOCK: Importing request 6 ..
[03-Jan-2024 13:48:52 UTC] BLOCK: https://websitedemos.net/wp-json/astra-blocks/v2/blocks/?page_builder=gutenberg&per_page=30&page=6&wireframe=yes
[03-Jan-2024 13:48:52 UTC] BLOCK: Storing in option ast-block-templates-blocks-6
[03-Jan-2024 13:48:52 UTC] BLOCK: Completed request 6
[03-Jan-2024 13:48:52 UTC] BLOCK: Importing request 7 ..
[03-Jan-2024 13:48:52 UTC] BLOCK: https://websitedemos.net/wp-json/astra-blocks/v2/blocks/?page_builder=gutenberg&per_page=30&page=7&wireframe=yes
[03-Jan-2024 13:48:53 UTC] BLOCK: Storing in option ast-block-templates-blocks-7
[03-Jan-2024 13:48:53 UTC] BLOCK: Completed request 7
[03-Jan-2024 13:48:53 UTC] BLOCK: Importing request 8 ..
[03-Jan-2024 13:48:53 UTC] BLOCK: https://websitedemos.net/wp-json/astra-blocks/v2/blocks/?page_builder=gutenberg&per_page=30&page=8&wireframe=yes
[03-Jan-2024 13:48:53 UTC] BLOCK: Storing in option ast-block-templates-blocks-8
[03-Jan-2024 13:48:53 UTC] BLOCK: Completed request 8
[03-Jan-2024 13:48:53 UTC] SITE: Getting Total Sites
[03-Jan-2024 13:48:53 UTC] SITE: https://websitedemos.net/wp-json/astra-sites/v1/get-total-pages/?page_builder=gutenberg&per_page=30
[03-Jan-2024 13:48:53 UTC] SITE: Request count 7
[03-Jan-2024 13:48:53 UTC] SITE: Importing request 1 ..
[03-Jan-2024 13:48:53 UTC] SITE: https://websitedemos.net/wp-json/astra-sites/v1/sites-and-pages/?per_page=30&page=1&page-builder=gutenberg
[03-Jan-2024 13:48:53 UTC] SITE: Storing in option ast-block-templates-sites-1
[03-Jan-2024 13:48:53 UTC] SITE: Completed request 1
[03-Jan-2024 13:48:53 UTC] SITE: Importing request 2 ..
[03-Jan-2024 13:48:53 UTC] SITE: https://websitedemos.net/wp-json/astra-sites/v1/sites-and-pages/?per_page=30&page=2&page-builder=gutenberg
[03-Jan-2024 13:48:53 UTC] SITE: Storing in option ast-block-templates-sites-2
[03-Jan-2024 13:48:53 UTC] SITE: Completed request 2
[03-Jan-2024 13:48:53 UTC] SITE: Importing request 3 ..
[03-Jan-2024 13:48:53 UTC] SITE: https://websitedemos.net/wp-json/astra-sites/v1/sites-and-pages/?per_page=30&page=3&page-builder=gutenberg
[03-Jan-2024 13:48:54 UTC] SITE: Storing in option ast-block-templates-sites-3
[03-Jan-2024 13:48:54 UTC] SITE: Completed request 3
[03-Jan-2024 13:48:54 UTC] SITE: Importing request 4 ..
[03-Jan-2024 13:48:54 UTC] SITE: https://websitedemos.net/wp-json/astra-sites/v1/sites-and-pages/?per_page=30&page=4&page-builder=gutenberg
[03-Jan-2024 13:48:54 UTC] SITE: Storing in option ast-block-templates-sites-4
[03-Jan-2024 13:48:54 UTC] SITE: Completed request 4
[03-Jan-2024 13:48:54 UTC] SITE: Importing request 5 ..
[03-Jan-2024 13:48:54 UTC] SITE: https://websitedemos.net/wp-json/astra-sites/v1/sites-and-pages/?per_page=30&page=5&page-builder=gutenberg
[03-Jan-2024 13:48:54 UTC] SITE: Storing in option ast-block-templates-sites-5
[03-Jan-2024 13:48:54 UTC] SITE: Completed request 5
[03-Jan-2024 13:48:54 UTC] SITE: Importing request 6 ..
[03-Jan-2024 13:48:54 UTC] SITE: https://websitedemos.net/wp-json/astra-sites/v1/sites-and-pages/?per_page=30&page=6&page-builder=gutenberg
[03-Jan-2024 13:48:54 UTC] SITE: Storing in option ast-block-templates-sites-6
[03-Jan-2024 13:48:54 UTC] SITE: Completed request 6
[03-Jan-2024 13:48:54 UTC] SITE: Importing request 7 ..
[03-Jan-2024 13:48:54 UTC] SITE: https://websitedemos.net/wp-json/astra-sites/v1/sites-and-pages/?per_page=30&page=7&page-builder=gutenberg
[03-Jan-2024 13:48:54 UTC] SITE: Storing in option ast-block-templates-sites-7
[03-Jan-2024 13:48:54 UTC] SITE: Completed request 7
[03-Jan-2024 13:48:54 UTC] Sync process for Gutenberg Blocks is done.
[03-Jan-2024 13:48:54 UTC] BLOCK: Getting Server Custimizer CSS
[03-Jan-2024 13:48:54 UTC] BLOCK: https://websitedemos.net/wp-json/astra-blocks/v2/get-customizer-css
[03-Jan-2024 13:48:56 UTC] Sync process for Gutenberg Blocks has started.
[03-Jan-2024 13:48:56 UTC] CATEGORY: Storing in option ast-block-templates-categories
[03-Jan-2024 13:48:56 UTC] BLOCK: Requests count 8
[03-Jan-2024 13:48:56 UTC] BLOCK: Importing request 1 ..
[03-Jan-2024 13:48:56 UTC] BLOCK: https://websitedemos.net/wp-json/astra-blocks/v2/blocks/?page_builder=gutenberg&per_page=30&page=1&wireframe=yes
[03-Jan-2024 13:48:56 UTC] BLOCK: Storing in option ast-block-templates-blocks-1
[03-Jan-2024 13:48:57 UTC] BLOCK: Completed request 1
[03-Jan-2024 13:48:57 UTC] BLOCK: Importing request 2 ..
[03-Jan-2024 13:48:57 UTC] BLOCK: https://websitedemos.net/wp-json/astra-blocks/v2/blocks/?page_builder=gutenberg&per_page=30&page=2&wireframe=yes
[03-Jan-2024 13:48:57 UTC] BLOCK: Storing in option ast-block-templates-blocks-2
[03-Jan-2024 13:48:57 UTC] BLOCK: Completed request 2
[03-Jan-2024 13:48:57 UTC] BLOCK: Importing request 3 ..
[03-Jan-2024 13:48:57 UTC] BLOCK: https://websitedemos.net/wp-json/astra-blocks/v2/blocks/?page_builder=gutenberg&per_page=30&page=3&wireframe=yes
[03-Jan-2024 13:48:57 UTC] BLOCK: Storing in option ast-block-templates-blocks-3
[03-Jan-2024 13:48:57 UTC] BLOCK: Completed request 3
[03-Jan-2024 13:48:57 UTC] BLOCK: Importing request 4 ..
[03-Jan-2024 13:48:57 UTC] BLOCK: https://websitedemos.net/wp-json/astra-blocks/v2/blocks/?page_builder=gutenberg&per_page=30&page=4&wireframe=yes
[03-Jan-2024 13:48:57 UTC] BLOCK: Storing in option ast-block-templates-blocks-4
[03-Jan-2024 13:48:57 UTC] BLOCK: Completed request 4
[03-Jan-2024 13:48:57 UTC] BLOCK: Importing request 5 ..
[03-Jan-2024 13:48:57 UTC] BLOCK: https://websitedemos.net/wp-json/astra-blocks/v2/blocks/?page_builder=gutenberg&per_page=30&page=5&wireframe=yes
[03-Jan-2024 13:48:58 UTC] BLOCK: Storing in option ast-block-templates-blocks-5
[03-Jan-2024 13:48:58 UTC] BLOCK: Completed request 5
[03-Jan-2024 13:48:58 UTC] BLOCK: Importing request 6 ..
[03-Jan-2024 13:48:58 UTC] BLOCK: https://websitedemos.net/wp-json/astra-blocks/v2/blocks/?page_builder=gutenberg&per_page=30&page=6&wireframe=yes
[03-Jan-2024 13:48:58 UTC] BLOCK: Storing in option ast-block-templates-blocks-6
[03-Jan-2024 13:48:58 UTC] BLOCK: Completed request 6
[03-Jan-2024 13:48:58 UTC] BLOCK: Importing request 7 ..
[03-Jan-2024 13:48:58 UTC] BLOCK: https://websitedemos.net/wp-json/astra-blocks/v2/blocks/?page_builder=gutenberg&per_page=30&page=7&wireframe=yes
[03-Jan-2024 13:48:58 UTC] BLOCK: Storing in option ast-block-templates-blocks-7
[03-Jan-2024 13:48:58 UTC] BLOCK: Completed request 7
[03-Jan-2024 13:48:58 UTC] BLOCK: Importing request 8 ..
[03-Jan-2024 13:48:58 UTC] BLOCK: https://websitedemos.net/wp-json/astra-blocks/v2/blocks/?page_builder=gutenberg&per_page=30&page=8&wireframe=yes
[03-Jan-2024 13:48:58 UTC] BLOCK: Storing in option ast-block-templates-blocks-8
[03-Jan-2024 13:48:58 UTC] BLOCK: Completed request 8
[03-Jan-2024 13:48:58 UTC] SITE: Getting Total Sites
[03-Jan-2024 13:48:58 UTC] SITE: https://websitedemos.net/wp-json/astra-sites/v1/get-total-pages/?page_builder=gutenberg&per_page=30
[03-Jan-2024 13:48:58 UTC] SITE: Request count 7
[03-Jan-2024 13:48:58 UTC] SITE: Importing request 1 ..
[03-Jan-2024 13:48:58 UTC] SITE: https://websitedemos.net/wp-json/astra-sites/v1/sites-and-pages/?per_page=30&page=1&page-builder=gutenberg
[03-Jan-2024 13:48:58 UTC] SITE: Storing in option ast-block-templates-sites-1
[03-Jan-2024 13:48:58 UTC] SITE: Completed request 1
[03-Jan-2024 13:48:58 UTC] SITE: Importing request 2 ..
[03-Jan-2024 13:48:58 UTC] SITE: https://websitedemos.net/wp-json/astra-sites/v1/sites-and-pages/?per_page=30&page=2&page-builder=gutenberg
[03-Jan-2024 13:48:59 UTC] SITE: Storing in option ast-block-templates-sites-2
[03-Jan-2024 13:48:59 UTC] SITE: Completed request 2
[03-Jan-2024 13:48:59 UTC] SITE: Importing request 3 ..
[03-Jan-2024 13:48:59 UTC] SITE: https://websitedemos.net/wp-json/astra-sites/v1/sites-and-pages/?per_page=30&page=3&page-builder=gutenberg
[03-Jan-2024 13:48:59 UTC] SITE: Storing in option ast-block-templates-sites-3
[03-Jan-2024 13:48:59 UTC] SITE: Completed request 3
[03-Jan-2024 13:48:59 UTC] SITE: Importing request 4 ..
[03-Jan-2024 13:48:59 UTC] SITE: https://websitedemos.net/wp-json/astra-sites/v1/sites-and-pages/?per_page=30&page=4&page-builder=gutenberg
[03-Jan-2024 13:48:59 UTC] SITE: Storing in option ast-block-templates-sites-4
[03-Jan-2024 13:48:59 UTC] SITE: Completed request 4
[03-Jan-2024 13:48:59 UTC] SITE: Importing request 5 ..
[03-Jan-2024 13:48:59 UTC] SITE: https://websitedemos.net/wp-json/astra-sites/v1/sites-and-pages/?per_page=30&page=5&page-builder=gutenberg
[03-Jan-2024 13:48:59 UTC] SITE: Storing in option ast-block-templates-sites-5
[03-Jan-2024 13:48:59 UTC] SITE: Completed request 5
[03-Jan-2024 13:48:59 UTC] SITE: Importing request 6 ..
[03-Jan-2024 13:48:59 UTC] SITE: https://websitedemos.net/wp-json/astra-sites/v1/sites-and-pages/?per_page=30&page=6&page-builder=gutenberg
[03-Jan-2024 13:48:59 UTC] SITE: Storing in option ast-block-templates-sites-6
[03-Jan-2024 13:48:59 UTC] SITE: Completed request 6
[03-Jan-2024 13:48:59 UTC] SITE: Importing request 7 ..
[03-Jan-2024 13:48:59 UTC] SITE: https://websitedemos.net/wp-json/astra-sites/v1/sites-and-pages/?per_page=30&page=7&page-builder=gutenberg
[03-Jan-2024 13:49:00 UTC] SITE: Storing in option ast-block-templates-sites-7
[03-Jan-2024 13:49:00 UTC] SITE: Completed request 7
[03-Jan-2024 13:49:00 UTC] Sync process for Gutenberg Blocks is done.
[03-Jan-2024 13:49:00 UTC] BLOCK: Getting Server Custimizer CSS
[03-Jan-2024 13:49:00 UTC] BLOCK: https://websitedemos.net/wp-json/astra-blocks/v2/get-customizer-css
